c:\users\nicole\documents\opengl_assignments\a1_27890834\template\debug\a1_27890834.pch
c:\users\nicole\documents\opengl_assignments\a1_27890834\template\debug\vc140.pdb
c:\users\nicole\documents\opengl_assignments\a1_27890834\template\debug\vc140.idb
c:\users\nicole\documents\opengl_assignments\a1_27890834\template\debug\stdafx.obj
c:\users\nicole\documents\opengl_assignments\a1_27890834\template\debug\lab.obj
c:\users\nicole\documents\opengl_assignments\a1_27890834\template\debug\horse.obj
c:\users\nicole\documents\opengl_assignments\a1_27890834\debug\a1_27890834.ilk
c:\users\nicole\documents\opengl_assignments\a1_27890834\debug\a1_27890834.exe
c:\users\nicole\documents\opengl_assignments\a1_27890834\debug\a1_27890834.pdb
c:\users\nicole\documents\comp371\a1_27890834\template\debug\horse.obj
c:\users\nicole\documents\comp371\a1_27890834\template\debug\lab.obj
c:\users\nicole\documents\comp371\a1_27890834\template\debug\stdafx.obj
c:\users\nicole\documents\comp371\a1_27890834\template\debug\a1_27890834.pch
c:\users\nicole\documents\comp371\a1_27890834\template\debug\vc140.idb
c:\users\nicole\documents\comp371\a1_27890834\template\debug\vc141.idb
c:\users\nicole\documents\comp371\a1_27890834\template\debug\vc140.pdb
c:\users\nicole\documents\comp371\a1_27890834\template\debug\vc141.pdb
c:\users\nicole\documents\comp371\a1_27890834\debug\a1_27890834.pdb
c:\users\nicole\documents\comp371\a1_27890834\debug\a1_27890834.exe
c:\users\nicole\documents\comp371\a1_27890834\debug\a1_27890834.ilk
c:\users\nicole\documents\comp371\a1_27890834\template\debug\a1_27890834.tlog\cl.command.1.tlog
c:\users\nicole\documents\comp371\a1_27890834\template\debug\a1_27890834.tlog\cl.read.1.tlog
c:\users\nicole\documents\comp371\a1_27890834\template\debug\a1_27890834.tlog\cl.write.1.tlog
c:\users\nicole\documents\comp371\a1_27890834\template\debug\a1_27890834.tlog\link.command.1.tlog
c:\users\nicole\documents\comp371\a1_27890834\template\debug\a1_27890834.tlog\link.read.1.tlog
c:\users\nicole\documents\comp371\a1_27890834\template\debug\a1_27890834.tlog\link.write.1.tlog
